c:\users\nikan\downloads\hw6\hw6\debug\vc141.pdb
c:\users\nikan\downloads\hw6\hw6\debug\vc141.idb
c:\users\nikan\downloads\hw6\hw6\debug\overlappedwindow.obj
c:\users\nikan\downloads\hw6\hw6\debug\main.obj
c:\users\nikan\downloads\hw6\hw6\debug\ellipsewindow.obj
c:\users\nikan\documents\visual studio 2017\mysolutions\my_project_dots\hw6\debug\vc141.pdb
c:\users\nikan\documents\visual studio 2017\mysolutions\my_project_dots\hw6\debug\vc141.idb
c:\users\nikan\documents\visual studio 2017\mysolutions\my_project_dots\hw6\debug\prefs.obj
c:\users\nikan\documents\visual studio 2017\mysolutions\my_project_dots\hw6\debug\control.obj
c:\users\nikan\documents\visual studio 2017\mysolutions\my_project_dots\hw6\debug\main.obj
c:\users\nikan\documents\visual studio 2017\mysolutions\my_project_dots\hw6\debug\settings.obj
c:\users\nikan\documents\visual studio 2017\mysolutions\my_project_dots\hw6\debug\overlappedwindow.obj
c:\users\nikan\documents\visual studio 2017\mysolutions\my_project_dots\hw6\debug\ellipsewindow.obj
c:\users\nikan\downloads\hw6\debug\hw6.exe
c:\users\nikan\downloads\hw6\debug\hw6.ilk
c:\users\nikan\downloads\hw6\debug\hw6.pdb
c:\users\nikan\documents\visual studio 2017\mysolutions\my_project_dots\debug\hw6.exe
c:\users\nikan\documents\visual studio 2017\mysolutions\my_project_dots\debug\hw6.ilk
c:\users\nikan\documents\visual studio 2017\mysolutions\my_project_dots\debug\hw6.pdb
c:\users\nikan\documents\visual studio 2017\mysolutions\my_project_dots\hw6\debug\hw6.res
c:\users\nikan\documents\visual studio 2017\mysolutions\my_project_dots\hw6\debug\hw6.tlog\cl.command.1.tlog
c:\users\nikan\documents\visual studio 2017\mysolutions\my_project_dots\hw6\debug\hw6.tlog\cl.read.1.tlog
c:\users\nikan\documents\visual studio 2017\mysolutions\my_project_dots\hw6\debug\hw6.tlog\cl.write.1.tlog
c:\users\nikan\documents\visual studio 2017\mysolutions\my_project_dots\hw6\debug\hw6.tlog\link.command.1.tlog
c:\users\nikan\documents\visual studio 2017\mysolutions\my_project_dots\hw6\debug\hw6.tlog\link.read.1.tlog
c:\users\nikan\documents\visual studio 2017\mysolutions\my_project_dots\hw6\debug\hw6.tlog\link.write.1.tlog
c:\users\nikan\documents\visual studio 2017\mysolutions\my_project_dots\hw6\debug\hw6.tlog\rc.command.1.tlog
c:\users\nikan\documents\visual studio 2017\mysolutions\my_project_dots\hw6\debug\hw6.tlog\rc.read.1.tlog
c:\users\nikan\documents\visual studio 2017\mysolutions\my_project_dots\hw6\debug\hw6.tlog\rc.write.1.tlog
